<?xml version="1.0" encoding="UTF-8"?>
<testsuite xmlns:xsi="http://www.w3.org/2001/XMLSchema-instance" xsi:noNamespaceSchemaLocation="https://maven.apache.org/surefire/maven-surefire-plugin/xsd/surefire-test-report.xsd" name="com.bmt.SageClient.SageAPIEndPointTests" time="2.507" tests="2" errors="1" skipped="0" failures="0">
  <properties>
    <property name="sun.desktop" value="windows"/>
    <property name="awt.toolkit" value="sun.awt.windows.WToolkit"/>
    <property name="java.specification.version" value="12"/>
    <property name="sun.cpu.isalist" value="amd64"/>
    <property name="sun.jnu.encoding" value="Cp1252"/>
    <property name="java.class.path" value="D:\Documents\My Programs\jobs\Sage Client\SageClient\target\test-classes;D:\Documents\My Programs\jobs\Sage Client\SageClient\target\classes;C:\Users\dalee\.m2\repository\org\springframework\boot\spring-boot-starter-web\2.2.0.M3\spring-boot-starter-web-2.2.0.M3.jar;C:\Users\dalee\.m2\repository\org\springframework\boot\spring-boot-starter\2.2.0.M3\spring-boot-starter-2.2.0.M3.jar;C:\Users\dalee\.m2\repository\org\springframework\boot\spring-boot\2.2.0.M3\spring-boot-2.2.0.M3.jar;C:\Users\dalee\.m2\repository\org\springframework\boot\spring-boot-autoconfigure\2.2.0.M3\spring-boot-autoconfigure-2.2.0.M3.jar;C:\Users\dalee\.m2\repository\org\springframework\boot\spring-boot-starter-logging\2.2.0.M3\spring-boot-starter-logging-2.2.0.M3.jar;C:\Users\dalee\.m2\repository\ch\qos\logback\logback-classic\1.2.3\logback-classic-1.2.3.jar;C:\Users\dalee\.m2\repository\ch\qos\logback\logback-core\1.2.3\logback-core-1.2.3.jar;C:\Users\dalee\.m2\repository\org\apache\logging\log4j\log4j-to-slf4j\2.11.2\log4j-to-slf4j-2.11.2.jar;C:\Users\dalee\.m2\repository\org\apache\logging\log4j\log4j-api\2.11.2\log4j-api-2.11.2.jar;C:\Users\dalee\.m2\repository\org\slf4j\jul-to-slf4j\1.7.26\jul-to-slf4j-1.7.26.jar;C:\Users\dalee\.m2\repository\jakarta\annotation\jakarta.annotation-api\1.3.4\jakarta.annotation-api-1.3.4.jar;C:\Users\dalee\.m2\repository\org\yaml\snakeyaml\1.24\snakeyaml-1.24.jar;C:\Users\dalee\.m2\repository\org\springframework\boot\spring-boot-starter-json\2.2.0.M3\spring-boot-starter-json-2.2.0.M3.jar;C:\Users\dalee\.m2\repository\com\fasterxml\jackson\datatype\jackson-datatype-jdk8\2.9.8\jackson-datatype-jdk8-2.9.8.jar;C:\Users\dalee\.m2\repository\com\fasterxml\jackson\datatype\jackson-datatype-jsr310\2.9.8\jackson-datatype-jsr310-2.9.8.jar;C:\Users\dalee\.m2\repository\com\fasterxml\jackson\module\jackson-module-parameter-names\2.9.8\jackson-module-parameter-names-2.9.8.jar;C:\Users\dalee\.m2\repository\org\springframework\boot\spring-boot-starter-tomcat\2.2.0.M3\spring-boot-starter-tomcat-2.2.0.M3.jar;C:\Users\dalee\.m2\repository\org\apache\tomcat\embed\tomcat-embed-core\9.0.19\tomcat-embed-core-9.0.19.jar;C:\Users\dalee\.m2\repository\org\apache\tomcat\embed\tomcat-embed-el\9.0.19\tomcat-embed-el-9.0.19.jar;C:\Users\dalee\.m2\repository\org\apache\tomcat\embed\tomcat-embed-websocket\9.0.19\tomcat-embed-websocket-9.0.19.jar;C:\Users\dalee\.m2\repository\org\springframework\boot\spring-boot-starter-validation\2.2.0.M3\spring-boot-starter-validation-2.2.0.M3.jar;C:\Users\dalee\.m2\repository\jakarta\validation\jakarta.validation-api\2.0.1\jakarta.validation-api-2.0.1.jar;C:\Users\dalee\.m2\repository\org\hibernate\validator\hibernate-validator\6.0.16.Final\hibernate-validator-6.0.16.Final.jar;C:\Users\dalee\.m2\repository\org\jboss\logging\jboss-logging\3.3.2.Final\jboss-logging-3.3.2.Final.jar;C:\Users\dalee\.m2\repository\com\fasterxml\classmate\1.5.0\classmate-1.5.0.jar;C:\Users\dalee\.m2\repository\org\springframework\spring-web\5.2.0.M2\spring-web-5.2.0.M2.jar;C:\Users\dalee\.m2\repository\org\springframework\spring-beans\5.2.0.M2\spring-beans-5.2.0.M2.jar;C:\Users\dalee\.m2\repository\org\springframework\spring-webmvc\5.2.0.M2\spring-webmvc-5.2.0.M2.jar;C:\Users\dalee\.m2\repository\org\springframework\spring-aop\5.2.0.M2\spring-aop-5.2.0.M2.jar;C:\Users\dalee\.m2\repository\org\springframework\spring-context\5.2.0.M2\spring-context-5.2.0.M2.jar;C:\Users\dalee\.m2\repository\org\springframework\spring-expression\5.2.0.M2\spring-expression-5.2.0.M2.jar;C:\Users\dalee\.m2\repository\mysql\mysql-connector-java\8.0.16\mysql-connector-java-8.0.16.jar;C:\Users\dalee\.m2\repository\org\springframework\boot\spring-boot-starter-test\2.2.0.M3\spring-boot-starter-test-2.2.0.M3.jar;C:\Users\dalee\.m2\repository\org\springframework\boot\spring-boot-test\2.2.0.M3\spring-boot-test-2.2.0.M3.jar;C:\Users\dalee\.m2\repository\org\springframework\boot\spring-boot-test-autoconfigure\2.2.0.M3\spring-boot-test-autoconfigure-2.2.0.M3.jar;C:\Users\dalee\.m2\repository\com\jayway\jsonpath\json-path\2.4.0\json-path-2.4.0.jar;C:\Users\dalee\.m2\repository\net\minidev\json-smart\2.3\json-smart-2.3.jar;C:\Users\dalee\.m2\repository\net\minidev\accessors-smart\1.2\accessors-smart-1.2.jar;C:\Users\dalee\.m2\repository\org\ow2\asm\asm\5.0.4\asm-5.0.4.jar;C:\Users\dalee\.m2\repository\org\slf4j\slf4j-api\1.7.26\slf4j-api-1.7.26.jar;C:\Users\dalee\.m2\repository\jakarta\xml\bind\jakarta.xml.bind-api\2.3.2\jakarta.xml.bind-api-2.3.2.jar;C:\Users\dalee\.m2\repository\jakarta\activation\jakarta.activation-api\1.2.1\jakarta.activation-api-1.2.1.jar;C:\Users\dalee\.m2\repository\org\junit\jupiter\junit-jupiter\5.4.2\junit-jupiter-5.4.2.jar;C:\Users\dalee\.m2\repository\org\junit\jupiter\junit-jupiter-api\5.4.2\junit-jupiter-api-5.4.2.jar;C:\Users\dalee\.m2\repository\org\opentest4j\opentest4j\1.1.1\opentest4j-1.1.1.jar;C:\Users\dalee\.m2\repository\org\junit\platform\junit-platform-commons\1.4.2\junit-platform-commons-1.4.2.jar;C:\Users\dalee\.m2\repository\org\junit\jupiter\junit-jupiter-params\5.4.2\junit-jupiter-params-5.4.2.jar;C:\Users\dalee\.m2\repository\org\junit\jupiter\junit-jupiter-engine\5.4.2\junit-jupiter-engine-5.4.2.jar;C:\Users\dalee\.m2\repository\org\junit\vintage\junit-vintage-engine\5.4.2\junit-vintage-engine-5.4.2.jar;C:\Users\dalee\.m2\repository\org\apiguardian\apiguardian-api\1.0.0\apiguardian-api-1.0.0.jar;C:\Users\dalee\.m2\repository\org\junit\platform\junit-platform-engine\1.4.2\junit-platform-engine-1.4.2.jar;C:\Users\dalee\.m2\repository\junit\junit\4.12\junit-4.12.jar;C:\Users\dalee\.m2\repository\org\mockito\mockito-junit-jupiter\2.27.0\mockito-junit-jupiter-2.27.0.jar;C:\Users\dalee\.m2\repository\org\assertj\assertj-core\3.12.2\assertj-core-3.12.2.jar;C:\Users\dalee\.m2\repository\org\hamcrest\hamcrest-core\1.3\hamcrest-core-1.3.jar;C:\Users\dalee\.m2\repository\org\hamcrest\hamcrest-library\1.3\hamcrest-library-1.3.jar;C:\Users\dalee\.m2\repository\org\mockito\mockito-core\2.27.0\mockito-core-2.27.0.jar;C:\Users\dalee\.m2\repository\net\bytebuddy\byte-buddy\1.9.12\byte-buddy-1.9.12.jar;C:\Users\dalee\.m2\repository\net\bytebuddy\byte-buddy-agent\1.9.12\byte-buddy-agent-1.9.12.jar;C:\Users\dalee\.m2\repository\org\objenesis\objenesis\2.6\objenesis-2.6.jar;C:\Users\dalee\.m2\repository\org\skyscreamer\jsonassert\1.5.0\jsonassert-1.5.0.jar;C:\Users\dalee\.m2\repository\com\vaadin\external\google\android-json\0.0.20131108.vaadin1\android-json-0.0.20131108.vaadin1.jar;C:\Users\dalee\.m2\repository\org\springframework\spring-core\5.2.0.M2\spring-core-5.2.0.M2.jar;C:\Users\dalee\.m2\repository\org\springframework\spring-jcl\5.2.0.M2\spring-jcl-5.2.0.M2.jar;C:\Users\dalee\.m2\repository\org\springframework\spring-test\5.2.0.M2\spring-test-5.2.0.M2.jar;C:\Users\dalee\.m2\repository\org\xmlunit\xmlunit-core\2.6.2\xmlunit-core-2.6.2.jar;C:\Users\dalee\.m2\repository\com\fasterxml\jackson\core\jackson-databind\2.9.8\jackson-databind-2.9.8.jar;C:\Users\dalee\.m2\repository\com\fasterxml\jackson\core\jackson-annotations\2.9.0\jackson-annotations-2.9.0.jar;C:\Users\dalee\.m2\repository\com\fasterxml\jackson\core\jackson-core\2.9.8\jackson-core-2.9.8.jar;"/>
    <property name="java.vm.vendor" value="Oracle Corporation"/>
    <property name="sun.arch.data.model" value="64"/>
    <property name="user.variant" value=""/>
    <property name="java.vendor.url" value="https://java.oracle.com/"/>
    <property name="user.timezone" value="Europe/London"/>
    <property name="os.name" value="Windows 10"/>
    <property name="java.vm.specification.version" value="12"/>
    <property name="sun.java.launcher" value="SUN_STANDARD"/>
    <property name="user.country" value="GB"/>
    <property name="sun.boot.library.path" value="D:\Apps\Software Development\JDK\bin"/>
    <property name="sun.java.command" value="C:\Users\dalee\AppData\Local\Temp\surefire4179971005572751462\surefirebooter7086377813459143430.jar C:\Users\dalee\AppData\Local\Temp\surefire4179971005572751462 2019-06-28T18-52-38_691-jvmRun1 surefire5805543669218790027tmp surefire_08702228475041141209tmp"/>
    <property name="jdk.debug" value="release"/>
    <property name="surefire.test.class.path" value="D:\Documents\My Programs\jobs\Sage Client\SageClient\target\test-classes;D:\Documents\My Programs\jobs\Sage Client\SageClient\target\classes;C:\Users\dalee\.m2\repository\org\springframework\boot\spring-boot-starter-web\2.2.0.M3\spring-boot-starter-web-2.2.0.M3.jar;C:\Users\dalee\.m2\repository\org\springframework\boot\spring-boot-starter\2.2.0.M3\spring-boot-starter-2.2.0.M3.jar;C:\Users\dalee\.m2\repository\org\springframework\boot\spring-boot\2.2.0.M3\spring-boot-2.2.0.M3.jar;C:\Users\dalee\.m2\repository\org\springframework\boot\spring-boot-autoconfigure\2.2.0.M3\spring-boot-autoconfigure-2.2.0.M3.jar;C:\Users\dalee\.m2\repository\org\springframework\boot\spring-boot-starter-logging\2.2.0.M3\spring-boot-starter-logging-2.2.0.M3.jar;C:\Users\dalee\.m2\repository\ch\qos\logback\logback-classic\1.2.3\logback-classic-1.2.3.jar;C:\Users\dalee\.m2\repository\ch\qos\logback\logback-core\1.2.3\logback-core-1.2.3.jar;C:\Users\dalee\.m2\repository\org\apache\logging\log4j\log4j-to-slf4j\2.11.2\log4j-to-slf4j-2.11.2.jar;C:\Users\dalee\.m2\repository\org\apache\logging\log4j\log4j-api\2.11.2\log4j-api-2.11.2.jar;C:\Users\dalee\.m2\repository\org\slf4j\jul-to-slf4j\1.7.26\jul-to-slf4j-1.7.26.jar;C:\Users\dalee\.m2\repository\jakarta\annotation\jakarta.annotation-api\1.3.4\jakarta.annotation-api-1.3.4.jar;C:\Users\dalee\.m2\repository\org\yaml\snakeyaml\1.24\snakeyaml-1.24.jar;C:\Users\dalee\.m2\repository\org\springframework\boot\spring-boot-starter-json\2.2.0.M3\spring-boot-starter-json-2.2.0.M3.jar;C:\Users\dalee\.m2\repository\com\fasterxml\jackson\datatype\jackson-datatype-jdk8\2.9.8\jackson-datatype-jdk8-2.9.8.jar;C:\Users\dalee\.m2\repository\com\fasterxml\jackson\datatype\jackson-datatype-jsr310\2.9.8\jackson-datatype-jsr310-2.9.8.jar;C:\Users\dalee\.m2\repository\com\fasterxml\jackson\module\jackson-module-parameter-names\2.9.8\jackson-module-parameter-names-2.9.8.jar;C:\Users\dalee\.m2\repository\org\springframework\boot\spring-boot-starter-tomcat\2.2.0.M3\spring-boot-starter-tomcat-2.2.0.M3.jar;C:\Users\dalee\.m2\repository\org\apache\tomcat\embed\tomcat-embed-core\9.0.19\tomcat-embed-core-9.0.19.jar;C:\Users\dalee\.m2\repository\org\apache\tomcat\embed\tomcat-embed-el\9.0.19\tomcat-embed-el-9.0.19.jar;C:\Users\dalee\.m2\repository\org\apache\tomcat\embed\tomcat-embed-websocket\9.0.19\tomcat-embed-websocket-9.0.19.jar;C:\Users\dalee\.m2\repository\org\springframework\boot\spring-boot-starter-validation\2.2.0.M3\spring-boot-starter-validation-2.2.0.M3.jar;C:\Users\dalee\.m2\repository\jakarta\validation\jakarta.validation-api\2.0.1\jakarta.validation-api-2.0.1.jar;C:\Users\dalee\.m2\repository\org\hibernate\validator\hibernate-validator\6.0.16.Final\hibernate-validator-6.0.16.Final.jar;C:\Users\dalee\.m2\repository\org\jboss\logging\jboss-logging\3.3.2.Final\jboss-logging-3.3.2.Final.jar;C:\Users\dalee\.m2\repository\com\fasterxml\classmate\1.5.0\classmate-1.5.0.jar;C:\Users\dalee\.m2\repository\org\springframework\spring-web\5.2.0.M2\spring-web-5.2.0.M2.jar;C:\Users\dalee\.m2\repository\org\springframework\spring-beans\5.2.0.M2\spring-beans-5.2.0.M2.jar;C:\Users\dalee\.m2\repository\org\springframework\spring-webmvc\5.2.0.M2\spring-webmvc-5.2.0.M2.jar;C:\Users\dalee\.m2\repository\org\springframework\spring-aop\5.2.0.M2\spring-aop-5.2.0.M2.jar;C:\Users\dalee\.m2\repository\org\springframework\spring-context\5.2.0.M2\spring-context-5.2.0.M2.jar;C:\Users\dalee\.m2\repository\org\springframework\spring-expression\5.2.0.M2\spring-expression-5.2.0.M2.jar;C:\Users\dalee\.m2\repository\mysql\mysql-connector-java\8.0.16\mysql-connector-java-8.0.16.jar;C:\Users\dalee\.m2\repository\org\springframework\boot\spring-boot-starter-test\2.2.0.M3\spring-boot-starter-test-2.2.0.M3.jar;C:\Users\dalee\.m2\repository\org\springframework\boot\spring-boot-test\2.2.0.M3\spring-boot-test-2.2.0.M3.jar;C:\Users\dalee\.m2\repository\org\springframework\boot\spring-boot-test-autoconfigure\2.2.0.M3\spring-boot-test-autoconfigure-2.2.0.M3.jar;C:\Users\dalee\.m2\repository\com\jayway\jsonpath\json-path\2.4.0\json-path-2.4.0.jar;C:\Users\dalee\.m2\repository\net\minidev\json-smart\2.3\json-smart-2.3.jar;C:\Users\dalee\.m2\repository\net\minidev\accessors-smart\1.2\accessors-smart-1.2.jar;C:\Users\dalee\.m2\repository\org\ow2\asm\asm\5.0.4\asm-5.0.4.jar;C:\Users\dalee\.m2\repository\org\slf4j\slf4j-api\1.7.26\slf4j-api-1.7.26.jar;C:\Users\dalee\.m2\repository\jakarta\xml\bind\jakarta.xml.bind-api\2.3.2\jakarta.xml.bind-api-2.3.2.jar;C:\Users\dalee\.m2\repository\jakarta\activation\jakarta.activation-api\1.2.1\jakarta.activation-api-1.2.1.jar;C:\Users\dalee\.m2\repository\org\junit\jupiter\junit-jupiter\5.4.2\junit-jupiter-5.4.2.jar;C:\Users\dalee\.m2\repository\org\junit\jupiter\junit-jupiter-api\5.4.2\junit-jupiter-api-5.4.2.jar;C:\Users\dalee\.m2\repository\org\opentest4j\opentest4j\1.1.1\opentest4j-1.1.1.jar;C:\Users\dalee\.m2\repository\org\junit\platform\junit-platform-commons\1.4.2\junit-platform-commons-1.4.2.jar;C:\Users\dalee\.m2\repository\org\junit\jupiter\junit-jupiter-params\5.4.2\junit-jupiter-params-5.4.2.jar;C:\Users\dalee\.m2\repository\org\junit\jupiter\junit-jupiter-engine\5.4.2\junit-jupiter-engine-5.4.2.jar;C:\Users\dalee\.m2\repository\org\junit\vintage\junit-vintage-engine\5.4.2\junit-vintage-engine-5.4.2.jar;C:\Users\dalee\.m2\repository\org\apiguardian\apiguardian-api\1.0.0\apiguardian-api-1.0.0.jar;C:\Users\dalee\.m2\repository\org\junit\platform\junit-platform-engine\1.4.2\junit-platform-engine-1.4.2.jar;C:\Users\dalee\.m2\repository\junit\junit\4.12\junit-4.12.jar;C:\Users\dalee\.m2\repository\org\mockito\mockito-junit-jupiter\2.27.0\mockito-junit-jupiter-2.27.0.jar;C:\Users\dalee\.m2\repository\org\assertj\assertj-core\3.12.2\assertj-core-3.12.2.jar;C:\Users\dalee\.m2\repository\org\hamcrest\hamcrest-core\1.3\hamcrest-core-1.3.jar;C:\Users\dalee\.m2\repository\org\hamcrest\hamcrest-library\1.3\hamcrest-library-1.3.jar;C:\Users\dalee\.m2\repository\org\mockito\mockito-core\2.27.0\mockito-core-2.27.0.jar;C:\Users\dalee\.m2\repository\net\bytebuddy\byte-buddy\1.9.12\byte-buddy-1.9.12.jar;C:\Users\dalee\.m2\repository\net\bytebuddy\byte-buddy-agent\1.9.12\byte-buddy-agent-1.9.12.jar;C:\Users\dalee\.m2\repository\org\objenesis\objenesis\2.6\objenesis-2.6.jar;C:\Users\dalee\.m2\repository\org\skyscreamer\jsonassert\1.5.0\jsonassert-1.5.0.jar;C:\Users\dalee\.m2\repository\com\vaadin\external\google\android-json\0.0.20131108.vaadin1\android-json-0.0.20131108.vaadin1.jar;C:\Users\dalee\.m2\repository\org\springframework\spring-core\5.2.0.M2\spring-core-5.2.0.M2.jar;C:\Users\dalee\.m2\repository\org\springframework\spring-jcl\5.2.0.M2\spring-jcl-5.2.0.M2.jar;C:\Users\dalee\.m2\repository\org\springframework\spring-test\5.2.0.M2\spring-test-5.2.0.M2.jar;C:\Users\dalee\.m2\repository\org\xmlunit\xmlunit-core\2.6.2\xmlunit-core-2.6.2.jar;C:\Users\dalee\.m2\repository\com\fasterxml\jackson\core\jackson-databind\2.9.8\jackson-databind-2.9.8.jar;C:\Users\dalee\.m2\repository\com\fasterxml\jackson\core\jackson-annotations\2.9.0\jackson-annotations-2.9.0.jar;C:\Users\dalee\.m2\repository\com\fasterxml\jackson\core\jackson-core\2.9.8\jackson-core-2.9.8.jar;"/>
    <property name="sun.cpu.endian" value="little"/>
    <property name="user.home" value="C:\Users\dalee"/>
    <property name="user.language" value="en"/>
    <property name="java.specification.vendor" value="Oracle Corporation"/>
    <property name="java.version.date" value="2019-04-16"/>
    <property name="java.home" value="D:\Apps\Software Development\JDK"/>
    <property name="file.separator" value="\"/>
    <property name="basedir" value="D:\Documents\My Programs\jobs\Sage Client\SageClient"/>
    <property name="java.vm.compressedOopsMode" value="Zero based"/>
    <property name="line.separator" value="&#10;"/>
    <property name="java.vm.specification.vendor" value="Oracle Corporation"/>
    <property name="java.specification.name" value="Java Platform API Specification"/>
    <property name="java.awt.graphicsenv" value="sun.awt.Win32GraphicsEnvironment"/>
    <property name="surefire.real.class.path" value="C:\Users\dalee\AppData\Local\Temp\surefire4179971005572751462\surefirebooter7086377813459143430.jar"/>
    <property name="user.script" value=""/>
    <property name="sun.management.compiler" value="HotSpot 64-Bit Tiered Compilers"/>
    <property name="java.runtime.version" value="12.0.1+12"/>
    <property name="user.name" value="dalee"/>
    <property name="path.separator" value=";"/>
    <property name="os.version" value="10.0"/>
    <property name="java.runtime.name" value="Java(TM) SE Runtime Environment"/>
    <property name="file.encoding" value="Cp1252"/>
    <property name="java.vm.name" value="Java HotSpot(TM) 64-Bit Server VM"/>
    <property name="localRepository" value="C:\Users\dalee\.m2\repository"/>
    <property name="java.vendor.url.bug" value="https://bugreport.java.com/bugreport/"/>
    <property name="java.io.tmpdir" value="C:\Users\dalee\AppData\Local\Temp\"/>
    <property name="java.version" value="12.0.1"/>
    <property name="user.dir" value="D:\Documents\My Programs\jobs\Sage Client\SageClient"/>
    <property name="os.arch" value="amd64"/>
    <property name="java.vm.specification.name" value="Java Virtual Machine Specification"/>
    <property name="sun.os.patch.level" value=""/>
    <property name="java.library.path" value="D:\Apps\Software Development\JDK\bin;C:\Windows\Sun\Java\bin;C:\Windows\system32;C:\Windows;C:\Users\dalee\bin;D:\Apps\Software Development\Git\mingw64\bin;D:\Apps\Software Development\Git\usr\local\bin;D:\Apps\Software Development\Git\usr\bin;D:\Apps\Software Development\Git\usr\bin;D:\Apps\Software Development\Git\mingw64\bin;D:\Apps\Software Development\Git\usr\bin;C:\Users\dalee\bin;D:\Apps\Software Development\apache-maven-3.6.1\bin;D:\Apps\Software Development\JDK\bin;C:\Windows\system32;C:\Windows;C:\Windows\System32\Wbem;C:\Windows\System32\WindowsPowerShell\v1.0;C:\Windows\System32\OpenSSH;D:\Apps\Software Development\SQL Server\Shared86x\140\Tools\Binn;D:\Apps\Software Development\SQL Server\Shared\140\Tools\Binn;D:\Apps\Software Development\SQL Server\Shared86x\140\DTS\Binn;D:\Apps\Software Development\SQL Server\Shared\140\DTS\Binn;D:\Apps\Software Development\SQL Server\Shared\Client SDK\ODBC\130\Tools\Binn;C:\Program Files\dotnet;D:\Apps\Software Development\SQL Server\Shared\130\Tools\Binn;D:\Apps\Software Development\Git\cmd;C:\Users\dalee\AppData\Local\Microsoft\WindowsApps;D:\Apps\Software Development\Microsoft VS Code\bin;C:\Users\dalee\AppData\Local\atom\bin;D:\Apps\Software Development\Git\usr\bin\vendor_perl;D:\Apps\Software Development\Git\usr\bin\core_perl;."/>
    <property name="java.vm.info" value="mixed mode, sharing"/>
    <property name="java.vendor" value="Oracle Corporation"/>
    <property name="java.vm.version" value="12.0.1+12"/>
    <property name="sun.io.unicode.encoding" value="UnicodeLittle"/>
    <property name="java.class.version" value="56.0"/>
  </properties>
  <testcase name="testRequestCustomerViews" classname="com.bmt.SageClient.SageAPIEndPointTests" time="0.969">
    <error message="401 Unauthorized" type="org.springframework.web.client.HttpClientErrorException$Unauthorized">org.springframework.web.client.HttpClientErrorException$Unauthorized: 401 Unauthorized
	at com.bmt.SageClient.SageAPIEndPointTests.testRequestCustomerViews(SageAPIEndPointTests.java:39)
</error>
    <system-out><![CDATA[18:52:42.152 [main] DEBUG org.springframework.test.context.junit4.SpringJUnit4ClassRunner - SpringJUnit4ClassRunner constructor called with [class com.bmt.SageClient.SageAPIEndPointTests]
18:52:42.155 [main] DEBUG org.springframework.test.context.BootstrapUtils - Instantiating CacheAwareContextLoaderDelegate from class [org.springframework.test.context.cache.DefaultCacheAwareContextLoaderDelegate]
18:52:42.161 [main] DEBUG org.springframework.test.context.BootstrapUtils - Instantiating BootstrapContext using constructor [public org.springframework.test.context.support.DefaultBootstrapContext(java.lang.Class,org.springframework.test.context.CacheAwareContextLoaderDelegate)]
18:52:42.184 [main] DEBUG org.springframework.test.context.BootstrapUtils - Instantiating TestContextBootstrapper for test class [com.bmt.SageClient.SageAPIEndPointTests] from class [org.springframework.boot.test.context.SpringBootTestContextBootstrapper]
18:52:42.196 [main] INFO org.springframework.boot.test.context.SpringBootTestContextBootstrapper - Neither @ContextConfiguration nor @ContextHierarchy found for test class [com.bmt.SageClient.SageAPIEndPointTests], using SpringBootContextLoader
18:52:42.200 [main] DEBUG org.springframework.test.context.support.AbstractContextLoader - Did not detect default resource location for test class [com.bmt.SageClient.SageAPIEndPointTests]: class path resource [com/bmt/SageClient/SageAPIEndPointTests-context.xml] does not exist
18:52:42.200 [main] DEBUG org.springframework.test.context.support.AbstractContextLoader - Did not detect default resource location for test class [com.bmt.SageClient.SageAPIEndPointTests]: class path resource [com/bmt/SageClient/SageAPIEndPointTestsContext.groovy] does not exist
18:52:42.200 [main] INFO org.springframework.test.context.support.AbstractContextLoader - Could not detect default resource locations for test class [com.bmt.SageClient.SageAPIEndPointTests]: no resource found for suffixes {-context.xml, Context.groovy}.
18:52:42.201 [main] INFO org.springframework.test.context.support.AnnotationConfigContextLoaderUtils - Could not detect default configuration classes for test class [com.bmt.SageClient.SageAPIEndPointTests]: SageAPIEndPointTests does not declare any static, non-private, non-final, nested classes annotated with @Configuration.
18:52:42.228 [main] DEBUG org.springframework.test.context.support.ActiveProfilesUtils - Could not find an 'annotation declaring class' for annotation type [org.springframework.test.context.ActiveProfiles] and class [com.bmt.SageClient.SageAPIEndPointTests]
18:52:42.281 [main] DEBUG org.springframework.context.annotation.ClassPathScanningCandidateComponentProvider - Identified candidate component class: file [D:\Documents\My Programs\jobs\Sage Client\SageClient\target\classes\com\bmt\SageClient\SageClientApplication.class]
18:52:42.282 [main] INFO org.springframework.boot.test.context.SpringBootTestContextBootstrapper - Found @SpringBootConfiguration com.bmt.SageClient.SageClientApplication for test class com.bmt.SageClient.SageAPIEndPointTests
18:52:42.352 [main] DEBUG org.springframework.boot.test.context.SpringBootTestContextBootstrapper - @TestExecutionListeners is not present for class [com.bmt.SageClient.SageAPIEndPointTests]: using defaults.
18:52:42.352 [main] INFO org.springframework.boot.test.context.SpringBootTestContextBootstrapper - Loaded default TestExecutionListener class names from location [META-INF/spring.factories]: [org.springframework.boot.test.mock.mockito.MockitoTestExecutionListener, org.springframework.boot.test.mock.mockito.ResetMocksTestExecutionListener, org.springframework.boot.test.autoconfigure.restdocs.RestDocsTestExecutionListener, org.springframework.boot.test.autoconfigure.web.client.MockRestServiceServerResetTestExecutionListener, org.springframework.boot.test.autoconfigure.web.servlet.MockMvcPrintOnlyOnFailureTestExecutionListener, org.springframework.boot.test.autoconfigure.web.servlet.WebDriverTestExecutionListener, org.springframework.test.context.web.ServletTestExecutionListener, org.springframework.test.context.support.DirtiesContextBeforeModesTestExecutionListener, org.springframework.test.context.support.DependencyInjectionTestExecutionListener, org.springframework.test.context.support.DirtiesContextTestExecutionListener, org.springframework.test.context.transaction.TransactionalTestExecutionListener, org.springframework.test.context.jdbc.SqlScriptsTestExecutionListener, org.springframework.test.context.event.EventPublishingTestExecutionListener]
18:52:42.362 [main] DEBUG org.springframework.boot.test.context.SpringBootTestContextBootstrapper - Skipping candidate TestExecutionListener [org.springframework.test.context.transaction.TransactionalTestExecutionListener] due to a missing dependency. Specify custom listener classes or make the default listener classes and their required dependencies available. Offending class: [org/springframework/transaction/interceptor/TransactionAttributeSource]
18:52:42.362 [main] DEBUG org.springframework.boot.test.context.SpringBootTestContextBootstrapper - Skipping candidate TestExecutionListener [org.springframework.test.context.jdbc.SqlScriptsTestExecutionListener] due to a missing dependency. Specify custom listener classes or make the default listener classes and their required dependencies available. Offending class: [org/springframework/transaction/interceptor/TransactionAttribute]
18:52:42.363 [main] INFO org.springframework.boot.test.context.SpringBootTestContextBootstrapper - Using TestExecutionListeners: [org.springframework.test.context.web.ServletTestExecutionListener@352ff4da, org.springframework.test.context.support.DirtiesContextBeforeModesTestExecutionListener@3224a577, org.springframework.boot.test.mock.mockito.MockitoTestExecutionListener@2e32ccc5, org.springframework.boot.test.autoconfigure.SpringBootDependencyInjectionTestExecutionListener@748741cb, org.springframework.test.context.support.DirtiesContextTestExecutionListener@3e44f2a5, org.springframework.test.context.event.EventPublishingTestExecutionListener@295cf707, org.springframework.boot.test.mock.mockito.ResetMocksTestExecutionListener@1130520d, org.springframework.boot.test.autoconfigure.restdocs.RestDocsTestExecutionListener@5f77d0f9, org.springframework.boot.test.autoconfigure.web.client.MockRestServiceServerResetTestExecutionListener@463fd068, org.springframework.boot.test.autoconfigure.web.servlet.MockMvcPrintOnlyOnFailureTestExecutionListener@895e367, org.springframework.boot.test.autoconfigure.web.servlet.WebDriverTestExecutionListener@1b266842]
18:52:42.365 [main] DEBUG org.springframework.test.annotation.ProfileValueUtils - Retrieved @ProfileValueSourceConfiguration [null] for test class [com.bmt.SageClient.SageAPIEndPointTests]
18:52:42.366 [main] DEBUG org.springframework.test.annotation.ProfileValueUtils - Retrieved ProfileValueSource type [class org.springframework.test.annotation.SystemProfileValueSource] for class [com.bmt.SageClient.SageAPIEndPointTests]
18:52:42.384 [main] DEBUG org.springframework.test.context.junit4.SpringJUnit4ClassRunner - SpringJUnit4ClassRunner constructor called with [class com.bmt.SageClient.SageAPIEndPointTests]
18:52:42.384 [main] DEBUG org.springframework.test.context.BootstrapUtils - Instantiating CacheAwareContextLoaderDelegate from class [org.springframework.test.context.cache.DefaultCacheAwareContextLoaderDelegate]
18:52:42.384 [main] DEBUG org.springframework.test.context.BootstrapUtils - Instantiating BootstrapContext using constructor [public org.springframework.test.context.support.DefaultBootstrapContext(java.lang.Class,org.springframework.test.context.CacheAwareContextLoaderDelegate)]
18:52:42.385 [main] DEBUG org.springframework.test.context.BootstrapUtils - Instantiating TestContextBootstrapper for test class [com.bmt.SageClient.SageAPIEndPointTests] from class [org.springframework.boot.test.context.SpringBootTestContextBootstrapper]
18:52:42.386 [main] INFO org.springframework.boot.test.context.SpringBootTestContextBootstrapper - Neither @ContextConfiguration nor @ContextHierarchy found for test class [com.bmt.SageClient.SageAPIEndPointTests], using SpringBootContextLoader
18:52:42.387 [main] DEBUG org.springframework.test.context.support.AbstractContextLoader - Did not detect default resource location for test class [com.bmt.SageClient.SageAPIEndPointTests]: class path resource [com/bmt/SageClient/SageAPIEndPointTests-context.xml] does not exist
18:52:42.388 [main] DEBUG org.springframework.test.context.support.AbstractContextLoader - Did not detect default resource location for test class [com.bmt.SageClient.SageAPIEndPointTests]: class path resource [com/bmt/SageClient/SageAPIEndPointTestsContext.groovy] does not exist
18:52:42.388 [main] INFO org.springframework.test.context.support.AbstractContextLoader - Could not detect default resource locations for test class [com.bmt.SageClient.SageAPIEndPointTests]: no resource found for suffixes {-context.xml, Context.groovy}.
18:52:42.388 [main] INFO org.springframework.test.context.support.AnnotationConfigContextLoaderUtils - Could not detect default configuration classes for test class [com.bmt.SageClient.SageAPIEndPointTests]: SageAPIEndPointTests does not declare any static, non-private, non-final, nested classes annotated with @Configuration.
18:52:42.391 [main] DEBUG org.springframework.test.context.support.ActiveProfilesUtils - Could not find an 'annotation declaring class' for annotation type [org.springframework.test.context.ActiveProfiles] and class [com.bmt.SageClient.SageAPIEndPointTests]
18:52:42.392 [main] INFO org.springframework.boot.test.context.SpringBootTestContextBootstrapper - Found @SpringBootConfiguration com.bmt.SageClient.SageClientApplication for test class com.bmt.SageClient.SageAPIEndPointTests
18:52:42.393 [main] DEBUG org.springframework.boot.test.context.SpringBootTestContextBootstrapper - @TestExecutionListeners is not present for class [com.bmt.SageClient.SageAPIEndPointTests]: using defaults.
18:52:42.394 [main] INFO org.springframework.boot.test.context.SpringBootTestContextBootstrapper - Loaded default TestExecutionListener class names from location [META-INF/spring.factories]: [org.springframework.boot.test.mock.mockito.MockitoTestExecutionListener, org.springframework.boot.test.mock.mockito.ResetMocksTestExecutionListener, org.springframework.boot.test.autoconfigure.restdocs.RestDocsTestExecutionListener, org.springframework.boot.test.autoconfigure.web.client.MockRestServiceServerResetTestExecutionListener, org.springframework.boot.test.autoconfigure.web.servlet.MockMvcPrintOnlyOnFailureTestExecutionListener, org.springframework.boot.test.autoconfigure.web.servlet.WebDriverTestExecutionListener, org.springframework.test.context.web.ServletTestExecutionListener, org.springframework.test.context.support.DirtiesContextBeforeModesTestExecutionListener, org.springframework.test.context.support.DependencyInjectionTestExecutionListener, org.springframework.test.context.support.DirtiesContextTestExecutionListener, org.springframework.test.context.transaction.TransactionalTestExecutionListener, org.springframework.test.context.jdbc.SqlScriptsTestExecutionListener, org.springframework.test.context.event.EventPublishingTestExecutionListener]
18:52:42.394 [main] DEBUG org.springframework.boot.test.context.SpringBootTestContextBootstrapper - Skipping candidate TestExecutionListener [org.springframework.test.context.transaction.TransactionalTestExecutionListener] due to a missing dependency. Specify custom listener classes or make the default listener classes and their required dependencies available. Offending class: [org/springframework/transaction/interceptor/TransactionAttributeSource]
18:52:42.394 [main] DEBUG org.springframework.boot.test.context.SpringBootTestContextBootstrapper - Skipping candidate TestExecutionListener [org.springframework.test.context.jdbc.SqlScriptsTestExecutionListener] due to a missing dependency. Specify custom listener classes or make the default listener classes and their required dependencies available. Offending class: [org/springframework/transaction/interceptor/TransactionAttribute]
18:52:42.395 [main] INFO org.springframework.boot.test.context.SpringBootTestContextBootstrapper - Using TestExecutionListeners: [org.springframework.test.context.web.ServletTestExecutionListener@5b3f61ff, org.springframework.test.context.support.DirtiesContextBeforeModesTestExecutionListener@3e2059ae, org.springframework.boot.test.mock.mockito.MockitoTestExecutionListener@398dada8, org.springframework.boot.test.autoconfigure.SpringBootDependencyInjectionTestExecutionListener@7cb502c, org.springframework.test.context.support.DirtiesContextTestExecutionListener@275bf9b3, org.springframework.test.context.event.EventPublishingTestExecutionListener@1b8a29df, org.springframework.boot.test.mock.mockito.ResetMocksTestExecutionListener@4fbe37eb, org.springframework.boot.test.autoconfigure.restdocs.RestDocsTestExecutionListener@12a94400, org.springframework.boot.test.autoconfigure.web.client.MockRestServiceServerResetTestExecutionListener@6a47b187, org.springframework.boot.test.autoconfigure.web.servlet.MockMvcPrintOnlyOnFailureTestExecutionListener@2049a9c1, org.springframework.boot.test.autoconfigure.web.servlet.WebDriverTestExecutionListener@1ef6d34c]
18:52:42.395 [main] DEBUG org.springframework.test.annotation.ProfileValueUtils - Retrieved @ProfileValueSourceConfiguration [null] for test class [com.bmt.SageClient.SageAPIEndPointTests]
18:52:42.395 [main] DEBUG org.springframework.test.annotation.ProfileValueUtils - Retrieved ProfileValueSource type [class org.springframework.test.annotation.SystemProfileValueSource] for class [com.bmt.SageClient.SageAPIEndPointTests]
18:52:42.440 [main] DEBUG org.springframework.test.annotation.ProfileValueUtils - Retrieved @ProfileValueSourceConfiguration [null] for test class [com.bmt.SageClient.SageAPIEndPointTests]
18:52:42.440 [main] DEBUG org.springframework.test.annotation.ProfileValueUtils - Retrieved ProfileValueSource type [class org.springframework.test.annotation.SystemProfileValueSource] for class [com.bmt.SageClient.SageAPIEndPointTests]
18:52:42.443 [main] DEBUG org.springframework.test.annotation.ProfileValueUtils - Retrieved @ProfileValueSourceConfiguration [null] for test class [com.bmt.SageClient.SageAPIEndPointTests]
18:52:42.443 [main] DEBUG org.springframework.test.annotation.ProfileValueUtils - Retrieved ProfileValueSource type [class org.springframework.test.annotation.SystemProfileValueSource] for class [com.bmt.SageClient.SageAPIEndPointTests]
18:52:42.443 [main] DEBUG org.springframework.test.annotation.ProfileValueUtils - Retrieved @ProfileValueSourceConfiguration [null] for test class [com.bmt.SageClient.SageAPIEndPointTests]
18:52:42.443 [main] DEBUG org.springframework.test.annotation.ProfileValueUtils - Retrieved ProfileValueSource type [class org.springframework.test.annotation.SystemProfileValueSource] for class [com.bmt.SageClient.SageAPIEndPointTests]
18:52:42.446 [main] DEBUG org.springframework.test.context.support.AbstractDirtiesContextTestExecutionListener - Before test class: context [DefaultTestContext@7a362b6b testClass = SageAPIEndPointTests, testInstance = [null], testMethod = [null], testException = [null], mergedContextConfiguration = [WebMergedContextConfiguration@60df60da testClass = SageAPIEndPointTests, locations = '{}', classes = '{class com.bmt.SageClient.SageClientApplication}', contextInitializerClasses = '[]', activeProfiles = '{}', propertySourceLocations = '{}', propertySourceProperties = '{org.springframework.boot.test.context.SpringBootTestContextBootstrapper=true}', contextCustomizers = set[org.springframework.boot.test.context.filter.ExcludeFilterContextCustomizer@5c90e579, org.springframework.boot.test.json.DuplicateJsonObjectContextCustomizerFactory$DuplicateJsonObjectContextCustomizer@38e79ae3, org.springframework.boot.test.mock.mockito.MockitoContextCustomizer@0, org.springframework.boot.test.web.client.TestRestTemplateContextCustomizer@175b9425, org.springframework.boot.test.autoconfigure.properties.PropertyMappingContextCustomizer@0, org.springframework.boot.test.autoconfigure.web.servlet.WebDriverContextCustomizerFactory$Customizer@ba54932], resourceBasePath = 'src/main/webapp', contextLoader = 'org.springframework.boot.test.context.SpringBootContextLoader', parent = [null]], attributes = map['org.springframework.test.context.web.ServletTestExecutionListener.activateListener' -> true]], class annotated with @DirtiesContext [false] with mode [null].
18:52:42.448 [main] DEBUG org.springframework.test.annotation.ProfileValueUtils - Retrieved @ProfileValueSourceConfiguration [null] for test class [com.bmt.SageClient.SageAPIEndPointTests]
18:52:42.448 [main] DEBUG org.springframework.test.annotation.ProfileValueUtils - Retrieved ProfileValueSource type [class org.springframework.test.annotation.SystemProfileValueSource] for class [com.bmt.SageClient.SageAPIEndPointTests]
18:52:42.465 [main] DEBUG org.springframework.test.context.support.TestPropertySourceUtils - Adding inlined properties to environment: {spring.jmx.enabled=false, org.springframework.boot.test.context.SpringBootTestContextBootstrapper=true, server.port=-1}

  .   ____          _            __ _ _
 /\\ / ___'_ __ _ _(_)_ __  __ _ \ \ \ \
( ( )\___ | '_ | '_| | '_ \/ _` | \ \ \ \
 \\/  ___)| |_)| | | | | || (_| |  ) ) ) )
  '  |____| .__|_| |_|_| |_\__, | / / / /
 =========|_|==============|___/=/_/_/_/
 :: Spring Boot ::             (v2.2.0.M3)

2019-06-28 18:52:42.645  INFO 1808 --- [           main] com.bmt.SageClient.SageAPIEndPointTests  : Starting SageAPIEndPointTests on Daleel-Desktop with PID 1808 (started by dalee in D:\Documents\My Programs\jobs\Sage Client\SageClient)
2019-06-28 18:52:42.646  INFO 1808 --- [           main] com.bmt.SageClient.SageAPIEndPointTests  : No active profile set, falling back to default profiles: default
2019-06-28 18:52:43.712  INFO 1808 --- [           main] o.s.s.concurrent.ThreadPoolTaskExecutor  : Initializing ExecutorService 'applicationTaskExecutor'
2019-06-28 18:52:43.957  INFO 1808 --- [           main] com.bmt.SageClient.SageAPIEndPointTests  : Started SageAPIEndPointTests in 1.484 seconds (JVM running for 2.194)
]]></system-out>
  </testcase>
  <testcase name="contextLoads" classname="com.bmt.SageClient.SageAPIEndPointTests" time="0.001"/>
</testsuite>